2025-09-09T01:47:09.379Z GET /api/clientes params={}
2025-09-09T01:49:02.641Z GET /api/clientes params={"limit":"10","offset":"0"}
2025-09-09T01:49:05.944Z GET /api/clientes params={"limit":"10","offset":"10"}
2025-09-09T01:49:06.947Z GET /api/clientes params={"limit":"10","offset":"20"}
2025-09-09T01:54:41.215Z GET /api/clientes params={"limit":"10","offset":"0"}
2025-09-09T01:59:36.709Z GET /api/clientes params={"limit":"10","offset":"0"}
2025-09-09T02:01:44.143Z GET /api/clientes params={"limit":"10","offset":"0"}
2025-09-09T02:01:46.507Z GET /api/clientes params={"limit":"10","offset":"0"}
2025-09-09T02:04:58.530Z GET /api/clientes params={"limit":"10","offset":"0"}
2025-09-09T02:17:39.591Z GET /api/clientes params={"limit":"10","offset":"0"}
2025-09-09T03:43:35.470Z GET /api/clientes params={"limit":"10","offset":"0"}
2025-09-09T04:09:27.084Z GET /api/clientes params={"limit":"10","offset":"0"}
2025-09-09T04:11:52.828Z GET /api/clientes params={"limit":"10","offset":"0"}
2025-09-09T04:13:47.616Z GET /api/clientes params={"limit":"10","offset":"0"}
2025-09-09T04:14:25.785Z GET /api/clientes params={"limit":"10","offset":"0"}
2025-09-09T04:14:36.914Z GET /api/clientes params={"limit":"10","offset":"0"}
2025-09-09T04:23:58.612Z GET /api/clientes params={"limit":"10","offset":"0"}
2025-09-09T04:25:33.561Z GET /api/clientes params={}
2025-09-09T04:26:01.397Z GET /api/clientes params={"limit":"10","offset":"0"}
2025-09-09T04:44:06.434Z GET /api/clientes params={}
2025-09-09T04:48:49.769Z GET /api/clientes params={"limit":"10","offset":"0"}
2025-09-09T04:54:58.666Z GET /api/clientes params={"limit":"10","offset":"0"}
2025-09-09T10:14:12.510Z GET /api/clientes params={"limit":"10","offset":"0"}
2025-09-09T10:16:58.950Z GET /api/clientes params={"limit":"10","offset":"0"}
2025-09-09T10:17:01.773Z GET /api/clientes params={"limit":"10","offset":"10"}
2025-09-09T10:17:02.582Z GET /api/clientes params={"limit":"10","offset":"20"}
2025-09-09T10:17:20.203Z GET /api/clientes params={"limit":"10","offset":"0"}
2025-09-09T10:17:24.854Z GET /api/clientes params={"limit":"10","offset":"0"}
2025-09-09T10:18:05.190Z GET /api/clientes params={"limit":"10","offset":"0"}
2025-09-09T10:18:17.895Z GET /api/clientes params={"limit":"10","offset":"0"}
2025-09-09T10:18:25.586Z GET /api/clientes params={"limit":"10","offset":"10"}
2025-09-09T10:18:34.914Z GET /api/clientes params={"limit":"10","offset":"0"}
2025-09-09T10:22:11.181Z GET /api/clientes params={"limit":"10","offset":"0"}
2025-09-09T10:23:37.053Z GET /api/clientes params={"limit":"10","offset":"0"}
2025-09-09T10:43:31.424Z GET /api/clientes params={"limit":"10","offset":"0"}
2025-09-09T10:43:33.916Z GET /api/clientes params={"limit":"10","offset":"0","q":"m"}
2025-09-09T10:43:34.099Z GET /api/clientes params={"limit":"10","offset":"0","q":"ma"}
2025-09-09T10:43:34.235Z GET /api/clientes params={"limit":"10","offset":"0","q":"mat"}
2025-09-09T10:43:35.763Z GET /api/clientes params={"limit":"10","offset":"0","q":"mat"}
2025-09-09T10:43:36.571Z GET /api/clientes params={"limit":"10","offset":"0","q":"ma"}
2025-09-09T10:43:39.011Z GET /api/clientes params={"limit":"10","offset":"0","q":"m"}
2025-09-09T10:43:39.196Z GET /api/clientes params={"limit":"10","offset":"0"}
2025-09-09T10:43:39.371Z GET /api/clientes params={"limit":"10","offset":"0"}
2025-09-09T10:43:39.571Z GET /api/clientes params={"limit":"10","offset":"0"}
2025-09-09T10:43:39.763Z GET /api/clientes params={"limit":"10","offset":"0"}
2025-09-09T10:43:43.317Z GET /api/clientes params={"limit":"10","offset":"10"}
2025-09-09T10:43:49.869Z GET /api/clientes params={"limit":"10","offset":"0"}
2025-09-09T10:43:51.411Z GET /api/clientes params={"limit":"10","offset":"0","q":"t"}
2025-09-09T10:43:51.603Z GET /api/clientes params={"limit":"10","offset":"0","q":"ti"}
2025-09-09T10:43:51.755Z GET /api/clientes params={"limit":"10","offset":"0","q":"tie"}
2025-09-09T10:43:51.947Z GET /api/clientes params={"limit":"10","offset":"0","q":"tier"}
2025-09-09T10:43:52.123Z GET /api/clientes params={"limit":"10","offset":"0","q":"tierr"}
2025-09-09T10:44:44.154Z GET /api/clientes params={"limit":"10","offset":"0","q":"tier"}
2025-09-09T10:44:44.313Z GET /api/clientes params={"limit":"10","offset":"0","q":"tie"}
2025-09-09T10:44:44.481Z GET /api/clientes params={"limit":"10","offset":"0","q":"ti"}
2025-09-09T10:44:48.074Z GET /api/clientes params={"limit":"10","offset":"0","q":"t"}
2025-09-09T10:44:48.242Z GET /api/clientes params={"limit":"10","offset":"0"}
2025-09-09T10:44:48.409Z GET /api/clientes params={"limit":"10","offset":"0"}
2025-09-09T10:45:02.242Z GET /api/clientes params={"limit":"10","offset":"0","q":"t"}
2025-09-09T10:45:02.361Z GET /api/clientes params={"limit":"10","offset":"0","q":"ti"}
2025-09-09T10:45:02.506Z GET /api/clientes params={"limit":"10","offset":"0","q":"tie"}
2025-09-09T10:45:02.729Z GET /api/clientes params={"limit":"10","offset":"0","q":"tier"}
2025-09-09T10:45:05.993Z GET /api/clientes params={"limit":"10","offset":"0","q":"tierr"}
2025-09-09T10:45:13.841Z GET /api/clientes params={"limit":"10","offset":"0","q":"tier"}
2025-09-09T10:45:13.993Z GET /api/clientes params={"limit":"10","offset":"0","q":"tie"}
2025-09-09T10:45:14.185Z GET /api/clientes params={"limit":"10","offset":"0","q":"ti"}
2025-09-09T10:45:14.209Z GET /api/clientes params={"limit":"10","offset":"0","q":"ti"}
2025-09-09T10:45:14.426Z GET /api/clientes params={"limit":"10","offset":"0","q":"t"}
2025-09-09T10:45:14.641Z GET /api/clientes params={"limit":"10","offset":"0"}
2025-09-09T10:47:35.545Z GET /api/clientes params={"limit":"10","offset":"0","q":"t"}
2025-09-09T10:47:35.665Z GET /api/clientes params={"limit":"10","offset":"0","q":"ti"}
2025-09-09T10:47:35.825Z GET /api/clientes params={"limit":"10","offset":"0","q":"tie"}
2025-09-09T10:47:36.017Z GET /api/clientes params={"limit":"10","offset":"0","q":"tier"}
2025-09-09T10:47:53.849Z GET /api/clientes params={"limit":"10","offset":"0","q":"tie"}
2025-09-09T10:47:54.010Z GET /api/clientes params={"limit":"10","offset":"0","q":"ti"}
2025-09-09T10:47:54.185Z GET /api/clientes params={"limit":"10","offset":"0","q":"t"}
2025-09-09T10:47:54.385Z GET /api/clientes params={"limit":"10","offset":"0"}
2025-09-09T10:49:58.747Z GET /api/clientes params={"limit":"10","offset":"10"}
2025-09-09T10:49:59.714Z GET /api/clientes params={"limit":"10","offset":"20"}
2025-09-09T10:50:00.931Z GET /api/clientes params={"limit":"10","offset":"0"}
2025-09-09T11:27:08.397Z GET /api/clientes params={"limit":"10","offset":"0"}
2025-09-09T11:27:13.424Z GET /api/clientes params={"limit":"10","offset":"0"}
2025-09-09T12:53:18.992Z GET /api/clientes params={"limit":"10","offset":"0"}
2025-09-09T12:56:58.293Z GET /api/clientes params={"limit":"10","offset":"0"}
2025-09-09T13:01:36.174Z GET /api/clientes params={"limit":"10","offset":"0"}
2025-09-09T13:17:11.056Z GET /api/clientes params={"limit":"10","offset":"0"}
2025-09-09T13:17:17.314Z GET /api/clientes params={"limit":"10","offset":"10"}
2025-09-09T14:25:11.374Z GET /api/clientes params={"limit":"10","offset":"0"}
2025-09-09T14:27:03.505Z GET /api/clientes params={"limit":"10","offset":"10"}
2025-09-09T14:28:09.351Z GET /api/clientes params={"limit":"10","offset":"20"}
2025-09-09T14:28:12.135Z GET /api/clientes params={"limit":"10","offset":"0"}
2025-09-09T14:28:15.800Z GET /api/clientes params={"limit":"10","offset":"10"}
2025-09-09T14:28:16.415Z GET /api/clientes params={"limit":"10","offset":"20"}
2025-09-09T14:28:23.471Z GET /api/clientes params={"limit":"10","offset":"10"}
2025-09-09T15:55:05.885Z GET /api/clientes params={"limit":"10","offset":"0"}
2025-09-09T17:14:07.592Z GET /api/clientes params={"limit":"10","offset":"0"}
2025-09-09T17:46:02.950Z GET /api/clientes params={"limit":"10","offset":"0"}
2025-09-09T17:50:39.594Z GET /api/clientes params={"limit":"10","offset":"0"}
